0 info it worked if it ends with ok
1 verbose cli [ 'node', '/usr/local/bin/npm', 'init' ]
2 info using npm@1.2.32
3 info using node@v0.10.12
4 verbose read json /Users/dsantos/Developer/projects/atHome/arduino/coffeelevel/package.json
5 warn package.json CoffeeLevel@1.0 No readme data.
6 silly package data undefined
7 info init written successfully
8 error Error: invalid version: 1.0
8 error     at Object.module.exports.fixVersionField (/usr/local/Cellar/node/0.10.12/lib/node_modules/npm/node_modules/read-package-json/node_modules/normalize-package-data/lib/fixer.js:84:13)
8 error     at /usr/local/Cellar/node/0.10.12/lib/node_modules/npm/node_modules/read-package-json/node_modules/normalize-package-data/lib/normalize.js:28:38
8 error     at Array.forEach (native)
8 error     at normalize (/usr/local/Cellar/node/0.10.12/lib/node_modules/npm/node_modules/read-package-json/node_modules/normalize-package-data/lib/normalize.js:27:15)
8 error     at final (/usr/local/Cellar/node/0.10.12/lib/node_modules/npm/node_modules/read-package-json/read-json.js:304:33)
8 error     at then (/usr/local/Cellar/node/0.10.12/lib/node_modules/npm/node_modules/read-package-json/read-json.js:118:48)
8 error     at /usr/local/Cellar/node/0.10.12/lib/node_modules/npm/node_modules/read-package-json/read-json.js:278:48
8 error     at fs.js:207:20
8 error     at Object.oncomplete (fs.js:107:15)
9 error If you need help, you may report this log at:
9 error     <http://github.com/isaacs/npm/issues>
9 error or email it to:
9 error     <npm-@googlegroups.com>
10 error System Darwin 12.3.0
11 error command "node" "/usr/local/bin/npm" "init"
12 error cwd /Users/dsantos/Developer/projects/atHome/arduino/coffeelevel
13 error node -v v0.10.12
14 error npm -v 1.2.32
15 verbose exit [ 1, true ]
